> Task :cleanGenerateJte
> Task :cleanPrecompileJte UP-TO-DATE
> Task :clean

> Task :generateJte FAILED
Failed to generate templates.
gg.jte.TemplateException: Failed to compile components/verdict_card.jte, error at line 86: Unclosed tag <div>. Maybe you want to use gg.jte.Content? More information: https://github.com/casid/jte/releases/tag/3.0.0#user-content-html-tags-must-be-properly-closed
	at gg.jte.compiler.java.JavaCodeGenerator.onError(JavaCodeGenerator.java:227)
	at gg.jte.compiler.TemplateParser.doParse(TemplateParser.java:354)
	at gg.jte.compiler.TemplateParser.parse(TemplateParser.java:85)
	at gg.jte.compiler.TemplateParser.parse(TemplateParser.java:80)
	at gg.jte.compiler.TemplateCompiler.generateTemplateCall(TemplateCompiler.java:265)
	at gg.jte.compiler.TemplateCompiler.generate(TemplateCompiler.java:169)
	at gg.jte.compiler.TemplateCompiler.generateAll(TemplateCompiler.java:83)
	at gg.jte.TemplateEngine.generateAll(TemplateEngine.java:306)
	at gg.jte.gradle.GenerateJteWorker.execute(GenerateJteWorker.java:43)
	at org.gradle.workers.internal.DefaultWorkerServer.execute(DefaultWorkerServer.java:68)
	at org.gradle.workers.internal.AbstractClassLoaderWorker$1.create(AbstractClassLoaderWorker.java:54)
	at org.gradle.workers.internal.AbstractClassLoaderWorker$1.create(AbstractClassLoaderWorker.java:48)
	at org.gradle.internal.classloader.ClassLoaderUtils.executeInClassloader(ClassLoaderUtils.java:100)
	at org.gradle.workers.internal.AbstractClassLoaderWorker.executeInClassLoader(AbstractClassLoaderWorker.java:48)
	at org.gradle.workers.internal.IsolatedClassloaderWorker.run(IsolatedClassloaderWorker.java:49)
	at org.gradle.workers.internal.IsolatedClassloaderWorker.run(IsolatedClassloaderWorker.java:30)
	at org.gradle.workers.internal.IsolatedClassloaderWorkerFactory$1.lambda$execute$0(IsolatedClassloaderWorkerFactory.java:60)
	at org.gradle.workers.internal.AbstractWorker$1.call(AbstractWorker.java:44)
	at org.gradle.workers.internal.AbstractWorker$1.call(AbstractWorker.java:41)
	at org.gradle.internal.operations.DefaultBuildOperationRunner$CallableBuildOperationWorker.execute(DefaultBuildOperationRunner.java:209)
	at org.gradle.internal.operations.DefaultBuildOperationRunner$CallableBuildOperationWorker.execute(DefaultBuildOperationRunner.java:204)
	at org.gradle.internal.operations.DefaultBuildOperationRunner$2.execute(DefaultBuildOperationRunner.java:66)
	at org.gradle.internal.operations.DefaultBuildOperationRunner$2.execute(DefaultBuildOperationRunner.java:59)
	at org.gradle.internal.operations.DefaultBuildOperationRunner.execute(DefaultBuildOperationRunner.java:166)
	at org.gradle.internal.operations.DefaultBuildOperationRunner.execute(DefaultBuildOperationRunner.java:59)
	at org.gradle.internal.operations.DefaultBuildOperationRunner.call(DefaultBuildOperationRunner.java:53)
	at org.gradle.workers.internal.AbstractWorker.executeWrappedInBuildOperation(AbstractWorker.java:41)
	at org.gradle.workers.internal.IsolatedClassloaderWorkerFactory$1.execute(IsolatedClassloaderWorkerFactory.java:52)
	at org.gradle.workers.internal.DefaultWorkerExecutor.lambda$submitWork$0(DefaultWorkerExecutor.java:176)
	at org.gradle.internal.work.DefaultConditionalExecutionQueue$ExecutionRunner.runExecution(DefaultConditionalExecutionQueue.java:194)
	at org.gradle.internal.work.DefaultConditionalExecutionQueue$ExecutionRunner.access$700(DefaultConditionalExecutionQueue.java:127)
	at org.gradle.internal.work.DefaultConditionalExecutionQueue$ExecutionRunner$1.run(DefaultConditionalExecutionQueue.java:169)
	at org.gradle.internal.Factories$1.create(Factories.java:33)
	at org.gradle.internal.work.DefaultWorkerLeaseService.lambda$withLocksAcquired$0(DefaultWorkerLeaseService.java:269)
	at org.gradle.internal.work.ResourceLockStatistics$1.measure(ResourceLockStatistics.java:42)
	at org.gradle.internal.work.DefaultWorkerLeaseService.withLocksAcquired(DefaultWorkerLeaseService.java:267)
	at org.gradle.internal.work.DefaultWorkerLeaseService.withLocks(DefaultWorkerLeaseService.java:259)
	at org.gradle.internal.work.DefaultWorkerLeaseService.runAsWorkerThread(DefaultWorkerLeaseService.java:127)
	at org.gradle.internal.work.DefaultWorkerLeaseService.runAsWorkerThread(DefaultWorkerLeaseService.java:132)
	at org.gradle.internal.work.DefaultConditionalExecutionQueue$ExecutionRunner.runBatch(DefaultConditionalExecutionQueue.java:164)
	at org.gradle.internal.work.DefaultConditionalExecutionQueue$ExecutionRunner.run(DefaultConditionalExecutionQueue.java:133)
	at org.gradle.internal.concurrent.ExecutorPolicy$CatchAndRecordFailures.onExecute(ExecutorPolicy.java:64)
	at org.gradle.internal.concurrent.AbstractManagedExecutor$1.run(AbstractManagedExecutor.java:47)

FAILURE: Build failed with an exception.

* What went wrong:
Execution failed for task ':generateJte'.
> There was a failure while executing work items
   > A failure occurred while executing gg.jte.gradle.GenerateJteWorker
      > Failed to compile components/verdict_card.jte, error at line 86: Unclosed tag <div>. Maybe you want to use gg.jte.Content? More information: https://github.com/casid/jte/releases/tag/3.0.0#user-content-html-tags-must-be-properly-closed

* Try:
> Run with --stacktrace option to get the stack trace.
> Run with --info or --debug option to get more log output.
> Run with --scan to generate a Build Scan (powered by Develocity).
> Get more help at https://help.gradle.org.

BUILD FAILED in 1s
4 actionable tasks: 3 executed, 1 up-to-date
